  MyForm.cpp
D:\C++ Project gui\Port_Scanner-master\Project1\MyForm.cpp(8,33): warning C4829: Possibly incorrect parameters to function main. Consider 'int main(Platform::Array<Platform::String^>^ argv)'
D:\VS\Microsoft Visual Studio\2019\Community\VC\Tools\MSVC\14.28.29333\include\msclr\marshal.h(216,62): error C4996: 'msclr::interop::error_reporting_helper<_To_Type,_From_Type,false>::marshal_as': This conversion is not supported by the library or the header file needed for this conversion is not included.  Please refer to the documentation on 'How to: Extend the Marshaling Library' for adding your own marshaling method.
          with
          [
              _To_Type=std::string,
              _From_Type=const System::String ^
          ]
D:\VS\Microsoft Visual Studio\2019\Community\VC\Tools\MSVC\14.28.29333\include\msclr\marshal.h(255): message : see reference to function template instantiation '_To_Type msclr::interop::_Marshal_as_impl<_To_Type,_From_Type>(std::false_type,const _From_Type &)' being compiled
          with
          [
              _To_Type=std::string,
              _From_Type=const System::String ^
          ]
D:\C++ Project gui\Port_Scanner-master\Project1\coreCode.h(22): message : see reference to function template instantiation '_To_Type msclr::interop::marshal_as<std::string,const System::String^>(const _From_Type &)' being compiled
          with
          [
              _To_Type=std::string,
              _From_Type=const System::String ^
          ]
D:\VS\Microsoft Visual Studio\2019\Community\VC\Tools\MSVC\14.28.29333\include\msclr\marshal.h(198,32): error C2065: '_This_conversion_is_not_supported': undeclared identifier
D:\VS\Microsoft Visual Studio\2019\Community\VC\Tools\MSVC\14.28.29333\include\msclr\marshal.h(197): message : while compiling class template member function '_To_Type msclr::interop::error_reporting_helper<_To_Type,_From_Type,false>::marshal_as(const _From_Type &)'
          with
          [
              _To_Type=std::string,
              _From_Type=const System::String ^
          ]
D:\VS\Microsoft Visual Studio\2019\Community\VC\Tools\MSVC\14.28.29333\include\msclr\marshal.h(216): message : see reference to function template instantiation '_To_Type msclr::interop::error_reporting_helper<_To_Type,_From_Type,false>::marshal_as(const _From_Type &)' being compiled
          with
          [
              _To_Type=std::string,
              _From_Type=const System::String ^
          ]
D:\VS\Microsoft Visual Studio\2019\Community\VC\Tools\MSVC\14.28.29333\include\msclr\marshal.h(216): message : see reference to class template instantiation 'msclr::interop::error_reporting_helper<_To_Type,_From_Type,false>' being compiled
          with
          [
              _To_Type=std::string,
              _From_Type=const System::String ^
          ]
D:\VS\Microsoft Visual Studio\2019\Community\VC\Tools\MSVC\14.28.29333\include\msclr\marshal.h(255): message : see reference to function template instantiation '_To_Type msclr::interop::_Marshal_as_impl<_To_Type,_From_Type>(std::false_type,const _From_Type &)' being compiled
          with
          [
              _To_Type=std::string,
              _From_Type=const System::String ^
          ]
  Scanner.cpp
D:\VS\Microsoft Visual Studio\2019\Community\VC\Tools\MSVC\14.28.29333\include\msclr\marshal.h(216,62): error C4996: 'msclr::interop::error_reporting_helper<_To_Type,_From_Type,false>::marshal_as': This conversion is not supported by the library or the header file needed for this conversion is not included.  Please refer to the documentation on 'How to: Extend the Marshaling Library' for adding your own marshaling method.
          with
          [
              _To_Type=std::string,
              _From_Type=const System::String ^
          ]
D:\VS\Microsoft Visual Studio\2019\Community\VC\Tools\MSVC\14.28.29333\include\msclr\marshal.h(255): message : see reference to function template instantiation '_To_Type msclr::interop::_Marshal_as_impl<_To_Type,_From_Type>(std::false_type,const _From_Type &)' being compiled
          with
          [
              _To_Type=std::string,
              _From_Type=const System::String ^
          ]
D:\C++ Project gui\Port_Scanner-master\Project1\coreCode.h(22): message : see reference to function template instantiation '_To_Type msclr::interop::marshal_as<std::string,const System::String^>(const _From_Type &)' being compiled
          with
          [
              _To_Type=std::string,
              _From_Type=const System::String ^
          ]
D:\VS\Microsoft Visual Studio\2019\Community\VC\Tools\MSVC\14.28.29333\include\msclr\marshal.h(198,32): error C2065: '_This_conversion_is_not_supported': undeclared identifier
D:\VS\Microsoft Visual Studio\2019\Community\VC\Tools\MSVC\14.28.29333\include\msclr\marshal.h(197): message : while compiling class template member function '_To_Type msclr::interop::error_reporting_helper<_To_Type,_From_Type,false>::marshal_as(const _From_Type &)'
          with
          [
              _To_Type=std::string,
              _From_Type=const System::String ^
          ]
D:\VS\Microsoft Visual Studio\2019\Community\VC\Tools\MSVC\14.28.29333\include\msclr\marshal.h(216): message : see reference to function template instantiation '_To_Type msclr::interop::error_reporting_helper<_To_Type,_From_Type,false>::marshal_as(const _From_Type &)' being compiled
          with
          [
              _To_Type=std::string,
              _From_Type=const System::String ^
          ]
D:\VS\Microsoft Visual Studio\2019\Community\VC\Tools\MSVC\14.28.29333\include\msclr\marshal.h(216): message : see reference to class template instantiation 'msclr::interop::error_reporting_helper<_To_Type,_From_Type,false>' being compiled
          with
          [
              _To_Type=std::string,
              _From_Type=const System::String ^
          ]
D:\VS\Microsoft Visual Studio\2019\Community\VC\Tools\MSVC\14.28.29333\include\msclr\marshal.h(255): message : see reference to function template instantiation '_To_Type msclr::interop::_Marshal_as_impl<_To_Type,_From_Type>(std::false_type,const _From_Type &)' being compiled
          with
          [
              _To_Type=std::string,
              _From_Type=const System::String ^
          ]
  Generating Code...
